2026-07-08 23:18:33 | INFO | Pipeline run started | run_id=a27b82f8-8ea4-4790-b49d-10683f1e10e7
2026-07-08 23:18:41 | INFO | Pipeline run started | run_id=d6fceddc-42b1-48a4-9eb1-dd5cd42599d6
2026-07-08 23:18:41 | INFO | Pipeline run started | run_id=7a140c48-36ac-4229-a404-e5fddf5ccb38
2026-07-08 23:24:23 | WARNING | Missing values found: {'max_glu_serum': 96420, 'A1Cresult': 84748} | run_id=d6fceddc-42b1-48a4-9eb1-dd5cd42599d6
2026-07-08 23:24:23 | INFO | Data quality report saved | run_id=d6fceddc-42b1-48a4-9eb1-dd5cd42599d6
2026-07-08 23:24:58 | WARNING | Missing values found: {'max_glu_serum': 96420, 'A1Cresult': 84748} | run_id=a27b82f8-8ea4-4790-b49d-10683f1e10e7
2026-07-08 23:24:58 | INFO | Data quality report saved | run_id=a27b82f8-8ea4-4790-b49d-10683f1e10e7
2026-07-08 23:25:47 | WARNING | Missing values found: {'max_glu_serum': 96420, 'A1Cresult': 84748} | run_id=7a140c48-36ac-4229-a404-e5fddf5ccb38
2026-07-08 23:25:47 | INFO | Data quality report saved | run_id=7a140c48-36ac-4229-a404-e5fddf5ccb38
2026-07-08 23:28:44 | INFO | Pipeline run started | run_id=2767c072-f750-45ac-a6ed-00979445241d
2026-07-08 23:28:47 | INFO | Pipeline run started | run_id=bccf1599-c516-4707-86fb-8a1c095e213e
2026-07-08 23:28:47 | INFO | Pipeline run started | run_id=61ef1d68-73d3-42a4-b1f8-bd89cc7dfc9f
2026-07-08 23:28:50 | WARNING | Missing values found: {'max_glu_serum': 96420, 'A1Cresult': 84748} | run_id=2767c072-f750-45ac-a6ed-00979445241d
2026-07-08 23:28:50 | INFO | Data quality report saved | run_id=2767c072-f750-45ac-a6ed-00979445241d
2026-07-08 23:28:55 | WARNING | Missing values found: {'max_glu_serum': 96420, 'A1Cresult': 84748} | run_id=61ef1d68-73d3-42a4-b1f8-bd89cc7dfc9f
2026-07-08 23:28:56 | INFO | Data quality report saved | run_id=61ef1d68-73d3-42a4-b1f8-bd89cc7dfc9f
2026-07-08 23:28:56 | WARNING | Missing values found: {'max_glu_serum': 96420, 'A1Cresult': 84748} | run_id=bccf1599-c516-4707-86fb-8a1c095e213e
2026-07-08 23:28:56 | INFO | Data quality report saved | run_id=bccf1599-c516-4707-86fb-8a1c095e213e
2026-07-08 23:29:03 | INFO | Feature engineering completed | run_id=2767c072-f750-45ac-a6ed-00979445241d | rows=101763
2026-07-08 23:29:03 | INFO | Pipeline run completed | run_id=2767c072-f750-45ac-a6ed-00979445241d
2026-07-08 23:29:12 | INFO | Feature engineering completed | run_id=bccf1599-c516-4707-86fb-8a1c095e213e | rows=101763
2026-07-08 23:29:12 | INFO | Pipeline run completed | run_id=bccf1599-c516-4707-86fb-8a1c095e213e
2026-07-08 23:29:16 | INFO | Feature engineering completed | run_id=61ef1d68-73d3-42a4-b1f8-bd89cc7dfc9f | rows=101763
2026-07-08 23:29:16 | INFO | Pipeline run completed | run_id=61ef1d68-73d3-42a4-b1f8-bd89cc7dfc9f
2026-07-08 23:31:27 | INFO | Model training completed | run_id=0048b25a-1e06-4c6e-a336-edc0039019ad | metrics={'accuracy': 0.8881755650180151, 'precision': 0.40425531914893614, 'recall': 0.022498519834221433, 'f1': 0.04262478968031408, 'roc_auc': 0.6227885171931242}
2026-07-08 23:31:27 | INFO | Model training completed | run_id=3435b598-bb6e-4fc7-89b2-760437148c9f | metrics={'accuracy': 0.8863413036357681, 'precision': 0.3357142857142857, 'recall': 0.027827116637063352, 'f1': 0.05139420448332423, 'roc_auc': 0.6263448618796866}
2026-07-08 23:32:33 | INFO | Pipeline run started | run_id=bdb0c0cc-c871-477d-9d2d-084bd1358aa9
2026-07-08 23:32:38 | WARNING | Missing values found: {'max_glu_serum': 96420, 'A1Cresult': 84748} | run_id=bdb0c0cc-c871-477d-9d2d-084bd1358aa9
2026-07-08 23:32:38 | INFO | Data quality report saved | run_id=bdb0c0cc-c871-477d-9d2d-084bd1358aa9
2026-07-08 23:32:51 | INFO | Feature engineering completed | run_id=bdb0c0cc-c871-477d-9d2d-084bd1358aa9 | rows=101763
2026-07-08 23:32:51 | INFO | Pipeline run completed | run_id=bdb0c0cc-c871-477d-9d2d-084bd1358aa9
2026-07-08 23:35:14 | INFO | Model training completed | run_id=f4699033-88b3-4208-8a73-957b8bc79c5d | metrics={'accuracy': 0.6967572879135276, 'precision': 0.16832129963898917, 'recall': 0.4416814683244523, 'f1': 0.24375102107498778, 'roc_auc': 0.6198280111909953, 'threshold': 0.55}
2026-07-08 23:35:34 | INFO | Model training completed | run_id=2f51b305-c05b-4c05-8e7c-945d360152f8 | metrics={'accuracy': 0.6967572879135276, 'precision': 0.16832129963898917, 'recall': 0.4416814683244523, 'f1': 0.24375102107498778, 'roc_auc': 0.6198280111909953, 'threshold': 0.55}
2026-07-10 13:28:03 | INFO | Pipeline run started | run_id=906ac60f-eebd-4548-8b26-d172c02d2883
2026-07-10 13:28:20 | WARNING | Missing values found: {'max_glu_serum': 96420, 'A1Cresult': 84748} | run_id=906ac60f-eebd-4548-8b26-d172c02d2883
2026-07-10 13:28:21 | INFO | Data quality report saved | run_id=906ac60f-eebd-4548-8b26-d172c02d2883
2026-07-10 13:29:02 | INFO | Feature engineering completed | run_id=906ac60f-eebd-4548-8b26-d172c02d2883 | rows=101763
2026-07-10 13:29:02 | INFO | Pipeline run completed | run_id=906ac60f-eebd-4548-8b26-d172c02d2883
2026-07-10 13:34:14 | INFO | Model training completed | run_id=9b2563b8-d4ae-482e-8956-bc4ba7410b8a | metrics={'accuracy': 0.6967572879135276, 'precision': 0.16832129963898917, 'recall': 0.4416814683244523, 'f1': 0.24375102107498778, 'roc_auc': 0.6198280111909953, 'threshold': 0.55}
